<?xml version="1.0" encoding="UTF-8"?>
<testsuite name="com.csc.StackTest" tests="4" skipped="0" failures="0" errors="0" timestamp="2024-12-11T04:23:12" hostname="Melissas-MacBook-Pro.local" time="0.003">
  <properties/>
  <testcase name="testPeek()" classname="com.csc.StackTest" time="0.001"/>
  <testcase name="testStackSizeForOne()" classname="com.csc.StackTest" time="0.0"/>
  <testcase name="testStackSizeForZero()" classname="com.csc.StackTest" time="0.0"/>
  <testcase name="testSizePushingAndPopping()" classname="com.csc.StackTest" time="0.0"/>
  <system-out><![CDATA[Inserting com.csc.Dish@5745ca0e onto the stack
Inserting com.csc.Dish@3ad83a66 onto the stack
Inserting com.csc.Dish@3cce5371 onto the stack
Inserting com.csc.Dish@17bffc17 onto the stack
Inserting com.csc.Dish@6e535154 onto the stack
Inserting com.csc.Dish@15a34df2 onto the stack
Inserting com.csc.Dish@5b38c1ec onto the stack
Popping item from stack...
]]></system-out>
  <system-err><![CDATA[]]></system-err>
</testsuite>
